<?xml version="1.0" encoding="UTF-8"?>
<testng-results ignored="0" total="1" passed="1" failed="0" skipped="0">
  <reporter-output>
  </reporter-output>
  <suite started-at="2022-08-18T17:12:54 IST" name="Default suite" finished-at="2022-08-18T17:12:57 IST" duration-ms="3206">
    <groups>
    </groups>
    <test started-at="2022-08-18T17:12:54 IST" name="Default test" finished-at="2022-08-18T17:12:57 IST" duration-ms="3206">
      <class name="com.SampleTest_Prac.SampleTest">
        <test-method signature="SampleTest()[pri:0, instance:com.SampleTest_Prac.SampleTest@3e84448c]" started-at="2022-08-18T17:12:54 IST" name="SampleTest" finished-at="2022-08-18T17:12:57 IST" duration-ms="3174" status="PASS">
          <reporter-output>
          </reporter-output>
        </test-method> <!-- SampleTest -->
      </class> <!-- com.SampleTest_Prac.SampleTest -->
    </test> <!-- Default test -->
  </suite> <!-- Default suite -->
</testng-results>
